<?xml version="1.0" encoding="UTF-8"?>
<testng-results total="1" passed="1" failed="0" skipped="0">
  <reporter-output>
  </reporter-output>
  <suite started-at="2026-03-26T14:31:36Z" name="Default suite" finished-at="2026-03-26T14:31:45Z" duration-ms="8318">
    <groups>
    </groups>
    <test started-at="2026-03-26T14:31:36Z" name="Default test" finished-at="2026-03-26T14:31:45Z" duration-ms="8318">
      <class name="com.test.DoubleClickExample">
        <test-method signature="test()[pri:0, instance:com.test.DoubleClickExample@51133c06]" started-at="2026-03-26T20:01:36Z" name="test" finished-at="2026-03-26T20:01:45Z" duration-ms="8307" status="PASS">
          <reporter-output>
          </reporter-output>
        </test-method> <!-- test -->
      </class> <!-- com.test.DoubleClickExample -->
    </test> <!-- Default test -->
  </suite> <!-- Default suite -->
</testng-results>
