<?xml version="1.0" encoding="UTF-8"?>
<!-- Generated by org.testng.reporters.JUnitReportReporter -->
<testsuite hostname="sasidhars-MacBook-Air.local" failures="0" tests="4" name="com.test.mytest.DemoTask2" time="29.853" errors="0" timestamp="17 Mar 2026 14:55:58 GMT">
  <testcase classname="com.test.mytest.DemoTask2" name="test2" time="8.634"/>
  <testcase classname="com.test.mytest.DemoTask2" name="test2" time="6.390"/>
  <testcase classname="com.test.mytest.DemoTask2" name="test2" time="6.340"/>
  <testcase classname="com.test.mytest.DemoTask2" name="test2" time="8.489"/>
</testsuite> <!-- com.test.mytest.DemoTask2 -->
