<?xml version="1.0" encoding="UTF-8"?>
<!-- Generated by org.testng.reporters.JUnitReportReporter -->
<testsuite hostname="sasidhars-MacBook-Air.local" failures="0" tests="2" name="com.scereenshot.DemoScreenshot" time="53.587" errors="0" timestamp="6 Apr 2026 14:32:34 GMT">
  <testcase classname="com.scereenshot.DemoScreenshot" name="testScreenShotWebElement" time="27.767"/>
  <testcase classname="com.scereenshot.DemoScreenshot" name="testPageScreenShot" time="25.820"/>
</testsuite> <!-- com.scereenshot.DemoScreenshot -->
