<?xml version="1.0" encoding="UTF-8"?>
<!-- Generated by org.testng.reporters.JUnitReportReporter -->
<testsuite hostname="sasidhars-MacBook-Air.local" failures="0" tests="2" name="com.propertiesTestData.DempProperties" time="75.972" errors="0" timestamp="8 Apr 2026 14:06:59 GMT">
  <testcase classname="com.propertiesTestData.DempProperties" name="test" time="20.433"/>
  <testcase classname="com.propertiesTestData.DempProperties" name="test2" time="55.539"/>
</testsuite> <!-- com.propertiesTestData.DempProperties -->
